[debug] [2024-04-06T20:38:39.205Z] ----------------------------------------------------------------------
[debug] [2024-04-06T20:38:39.211Z] Command:       /usr/local/bin/node /usr/local/bin/firebase projects:list --token 1//092V-j7I28m2pCgYIARAAGAkSNgF-L9IrUfr8-cFLhnW-VeH22Ep4NkAHZvzHhoSz5rBNXNM9N9vaSwV6wKEShId3vz3QeABq8Q
[debug] [2024-04-06T20:38:39.211Z] CLI Version:   12.8.1
[debug] [2024-04-06T20:38:39.211Z] Platform:      darwin
[debug] [2024-04-06T20:38:39.211Z] Node Version:  v20.9.0
[debug] [2024-04-06T20:38:39.211Z] Time:          Sat Apr 06 2024 21:38:39 GMT+0100 (West Africa Standard Time)
[debug] [2024-04-06T20:38:39.211Z] ----------------------------------------------------------------------
[debug] 
[debug] [2024-04-06T20:38:39.212Z] >>> [apiv2][query] GET https://firebase-public.firebaseio.com/cli.json [none]
[debug] [2024-04-06T20:38:39.237Z] > command requires scopes: ["email","openid","https://www.googleapis.com/auth/cloudplatformprojects.readonly","https://www.googleapis.com/auth/firebase","https://www.googleapis.com/auth/cloud-platform"]
[debug] [2024-04-06T20:38:39.237Z] > authorizing via --token option
[warn] ⚠  Authenticating with `--token` is deprecated and will be removed in a future major version of `firebase-tools`. Instead, use a service account key with `GOOGLE_APPLICATION_CREDENTIALS`: https://cloud.google.com/docs/authentication/getting-started 
[debug] [2024-04-06T20:38:39.238Z] > refreshing access token with scopes: []
[debug] [2024-04-06T20:38:39.239Z] >>> [apiv2][query] POST https://www.googleapis.com/oauth2/v3/token [none]
[debug] [2024-04-06T20:38:39.239Z] >>> [apiv2][body] POST https://www.googleapis.com/oauth2/v3/token [omitted]
[debug] [2024-04-06T20:38:39.770Z] <<< [apiv2][status] POST https://www.googleapis.com/oauth2/v3/token 200
[debug] [2024-04-06T20:38:39.771Z] <<< [apiv2][body] POST https://www.googleapis.com/oauth2/v3/token [omitted]
[debug] [2024-04-06T20:38:39.772Z] >>> [apiv2][query] GET https://firebase.googleapis.com/v1beta1/projects pageSize=1000
[debug] [2024-04-06T20:38:40.101Z] <<< [apiv2][status] GET https://firebase-public.firebaseio.com/cli.json 200
[debug] [2024-04-06T20:38:40.102Z] <<< [apiv2][body] GET https://firebase-public.firebaseio.com/cli.json {"cloudBuildErrorAfter":1594252800000,"cloudBuildWarnAfter":1590019200000,"defaultNode10After":1594252800000,"minVersion":"3.0.5","node8DeploysDisabledAfter":1613390400000,"node8RuntimeDisabledAfter":1615809600000,"node8WarnAfter":1600128000000}
